<?xml version="1.0" encoding="UTF-8"?>
<!-- Generated by org.testng.reporters.JUnitReportReporter -->
<testsuite hostname="USER" failures="0" tests="1" name="TestPackage.OrganizationTest" time="25.890" errors="0" timestamp="2025-03-13T10:38:19 IST" skipped="0">
  <testcase classname="TestPackage.OrganizationTest" name="OrganizationTest" time="25.890"/>
</testsuite> <!-- TestPackage.OrganizationTest -->
