<?xml version="1.0" encoding="UTF-8"?>
<!-- Generated by org.testng.reporters.JUnitReportReporter -->
<testsuite hostname="USER" failures="0" tests="4" name="TestPackage.AttributeTest" time="59.077" errors="0" timestamp="2025-03-17T10:35:05 IST" skipped="0">
  <testcase classname="TestPackage.AttributeTest" name="moveToLeadsPage" time="17.568">
    <system-out>
      <![CDATA[moveToLeadsPagetestcase Started]]>
    </system-out>
  </testcase> <!-- moveToLeadsPage -->
  <testcase classname="TestPackage.AttributeTest" name="moveToContactsPage" time="14.080">
    <system-out>
      <![CDATA[moveToContactsPagetestcase Started]]>
    </system-out>
  </testcase> <!-- moveToContactsPage -->
  <testcase classname="TestPackage.AttributeTest" name="moveToOrganizationPage" time="13.298">
    <system-out>
      <![CDATA[moveToOrganizationPagetestcase Started]]>
    </system-out>
  </testcase> <!-- moveToOrganizationPage -->
  <testcase classname="TestPackage.AttributeTest" name="moveToCalendarPage" time="14.131">
    <system-out>
      <![CDATA[moveToCalendarPagetestcase Started]]>
    </system-out>
  </testcase> <!-- moveToCalendarPage -->
  <system-out>
    <![CDATA[----Execution Started----
CreateContacttestcase Started
CreateContacttestcase Started
CreateContacttestcase Started
moveToCalendarPagetestcase Started
moveToContactsPagetestcase Started
moveToLeadsPagetestcase Started
moveToOrganizationPagetestcase Started]]>
  </system-out>
</testsuite> <!-- TestPackage.AttributeTest -->
