<?xml version="1.0" encoding="UTF-8"?>
<!-- Generated by org.testng.reporters.JUnitReportReporter -->
<testsuite hostname="USER" failures="0" tests="1" name="TestPackage.VerificationClass" time="0.012" errors="0" timestamp="2025-03-15T13:29:49 IST" skipped="0">
  <testcase classname="TestPackage.VerificationClass" name="verify" time="0.012">
    <system-out>
      <![CDATA[verifytestcase Started
verifytestcase passed]]>
    </system-out>
  </testcase> <!-- verify -->
  <system-out>
    <![CDATA[----Execution Started----
CreateLeadtestcase Started
CreateLeadtestcase Failed
java.lang.NullPointerException: Cannot invoke "ObjectRepository.LeadsPage.SalutationDropdown(String)" because "this.leadp" is null
TestCase3testcase Started
TestCase3testcase passed
TestCase4testcase Started
TestCase4testcase passed
printDatatestcase Started
printDatatestcase passed
printDatatestcase Started
printDatatestcase passed
printDatatestcase Started
printDatatestcase passed
printDatatestcase Started
printDatatestcase passed
contactdetailstestcase Started
contactdetailstestcase passed
contactdetailstestcase Started
contactdetailstestcase passed
contactdetailstestcase Started
contactdetailstestcase passed
printDatatestcase Started
printDatatestcase passed
printDatatestcase Started
printDatatestcase passed
printDatatestcase Started
printDatatestcase passed
printDatatestcase Started
printDatatestcase passed
verifytestcase Started
verifytestcase passed
CreateContacttestcase Started
CreateContacttestcase passed
CreateContacttestcase Started
CreateContacttestcase passed
CreateContacttestcase Started
CreateContacttestcase passed
moveToCalendarPagetestcase Started
moveToCalendarPagetestcase passed
moveToContactsPagetestcase Started
moveToContactsPagetestcase passed
moveToLeadsPagetestcase Started
moveToLeadsPagetestcase passed
moveToOrganizationPagetestcase Started
moveToOrganizationPagetestcase passed]]>
  </system-out>
</testsuite> <!-- TestPackage.VerificationClass -->
