<?xml version="1.0" encoding="UTF-8"?>
<!-- Generated by org.testng.reporters.JUnitReportReporter -->
<testsuite hostname="USER" failures="0" tests="1" name="TestPackage.ParameterTest" time="0.018" errors="0" timestamp="2025-03-13T14:03:25 IST" skipped="0">
  <testcase classname="TestPackage.ParameterTest" name="Scenario3" time="0.018"/>
</testsuite> <!-- TestPackage.ParameterTest -->
