<?xml version="1.0" encoding="UTF-8"?>
<!-- Generated by org.testng.reporters.JUnitReportReporter -->
<testsuite hostname="USER" failures="0" tests="3" name="TestPackage.ContactTest" time="89.303" errors="0" timestamp="2025-03-17T10:35:05 IST" skipped="0">
  <testcase classname="TestPackage.ContactTest" name="CreateContact" time="19.901">
    <system-out>
      <![CDATA[CreateContacttestcase Started]]>
    </system-out>
  </testcase> <!-- CreateContact -->
  <testcase classname="TestPackage.ContactTest" name="CreateContact" time="49.596">
    <system-out>
      <![CDATA[CreateContacttestcase Started]]>
    </system-out>
  </testcase> <!-- CreateContact -->
  <testcase classname="TestPackage.ContactTest" name="CreateContact" time="19.806">
    <system-out>
      <![CDATA[CreateContacttestcase Started]]>
    </system-out>
  </testcase> <!-- CreateContact -->
  <system-out>
    <![CDATA[----Execution Started----
CreateContacttestcase Started
CreateContacttestcase Started
CreateContacttestcase Started
moveToCalendarPagetestcase Started
moveToContactsPagetestcase Started
moveToLeadsPagetestcase Started
moveToOrganizationPagetestcase Started]]>
  </system-out>
</testsuite> <!-- TestPackage.ContactTest -->
