<?xml version="1.0" encoding="UTF-8"?>
<!-- Generated by org.testng.reporters.JUnitReportReporter -->
<testsuite hostname="USER" failures="0" tests="6" name="TestPackage.ContactTest" time="168.717" errors="0" timestamp="2025-03-17T13:13:39 IST" skipped="0">
  <testcase classname="TestPackage.ContactTest" name="CreateContact" time="33.317">
    <system-out>
      <![CDATA[CreateContacttestcase Started]]>
    </system-out>
  </testcase> <!-- CreateContact -->
  <testcase classname="TestPackage.ContactTest" name="CreateContact" time="28.908">
    <system-out>
      <![CDATA[CreateContacttestcase Started]]>
    </system-out>
  </testcase> <!-- CreateContact -->
  <testcase classname="TestPackage.ContactTest" name="CreateContact" time="27.296">
    <system-out>
      <![CDATA[CreateContacttestcase Started]]>
    </system-out>
  </testcase> <!-- CreateContact -->
  <testcase classname="TestPackage.ContactTest" name="CreateContact" time="24.120">
    <system-out>
      <![CDATA[CreateContacttestcase Started]]>
    </system-out>
  </testcase> <!-- CreateContact -->
  <testcase classname="TestPackage.ContactTest" name="CreateContact" time="28.164">
    <system-out>
      <![CDATA[CreateContacttestcase Started]]>
    </system-out>
  </testcase> <!-- CreateContact -->
  <testcase classname="TestPackage.ContactTest" name="CreateContact" time="26.912">
    <system-out>
      <![CDATA[CreateContacttestcase Started]]>
    </system-out>
  </testcase> <!-- CreateContact -->
  <system-out>
    <![CDATA[----Execution Started----
CreateContacttestcase Started
CreateContacttestcase Started
CreateContacttestcase Started
moveToCalendarPagetestcase Started
moveToContactsPagetestcase Started
moveToLeadsPagetestcase Started
moveToOrganizationPagetestcase Started
----Execution Finished----
----Execution Started----
CreateContacttestcase Started
CreateContacttestcase Started
CreateContacttestcase Started
moveToCalendarPagetestcase Started
moveToContactsPagetestcase Started
moveToLeadsPagetestcase Started
moveToOrganizationPagetestcase Started
OrganizationTesttestcase Started
OrganizationTesttestcase Failed
org.openqa.selenium.NoSuchSessionException: invalid session id: session deleted as the browser has closed the connection
from disconnected: Unable to receive message from renderer
  (Session info: MicrosoftEdge=134.0.3124.72)
Build info: version: '4.27.0', revision: 'd6e718d134'
System info: os.name: 'Windows 10', os.arch: 'amd64', os.version: '10.0', java.version: '22.0.2'
Driver info: org.openqa.selenium.edge.EdgeDriver
Command: [319566453fba3adb5d719d5f2f6f1348, findElement {value=Organizations, using=link text}]
Capabilities {acceptInsecureCerts: false, browserName: MicrosoftEdge, browserVersion: 134.0.3124.72, fedcm:accounts: true, ms:edgeOptions: {debuggerAddress: localhost:55143}, msedge: {msedgedriverVersion: 134.0.3124.72 (c81e2c3854de..., userDataDir: C:\Windows\SystemTemp\scope...}, networkConnectionEnabled: false, pageLoadStrategy: normal, platformName: windows, proxy: Proxy(), se:cdp: ws://localhost:55143/devtoo..., se:cdpVersion: 134.0.3124.72, setWindowRect: true, strictFileInteractability: false, timeouts: {implicit: 0, pageLoad: 300000, script: 30000}, unhandledPromptBehavior: dismiss and notify, webauthn:extension:credBlob: true, webauthn:extension:largeBlob: true, webauthn:extension:minPinLength: true, webauthn:extension:prf: true, webauthn:virtualAuthenticators: true}
Session ID: 319566453fba3adb5d719d5f2f6f1348]]>
  </system-out>
</testsuite> <!-- TestPackage.ContactTest -->
