<?xml version="1.0" encoding="UTF-8"?>
<!-- Generated by org.testng.reporters.JUnitReportReporter -->
<testsuite hostname="USER" failures="0" tests="8" name="TestPackage.AttributeTest" time="145.672" errors="0" timestamp="2025-03-17T13:13:39 IST" skipped="0">
  <testcase classname="TestPackage.AttributeTest" name="moveToContactsPage" time="18.909">
    <system-out>
      <![CDATA[moveToContactsPagetestcase Started]]>
    </system-out>
  </testcase> <!-- moveToContactsPage -->
  <testcase classname="TestPackage.AttributeTest" name="moveToCalendarPage" time="17.618">
    <system-out>
      <![CDATA[moveToCalendarPagetestcase Started]]>
    </system-out>
  </testcase> <!-- moveToCalendarPage -->
  <testcase classname="TestPackage.AttributeTest" name="moveToOrganizationPage" time="17.388">
    <system-out>
      <![CDATA[moveToOrganizationPagetestcase Started]]>
    </system-out>
  </testcase> <!-- moveToOrganizationPage -->
  <testcase classname="TestPackage.AttributeTest" name="moveToLeadsPage" time="22.366">
    <system-out>
      <![CDATA[moveToLeadsPagetestcase Started]]>
    </system-out>
  </testcase> <!-- moveToLeadsPage -->
  <testcase classname="TestPackage.AttributeTest" name="moveToCalendarPage" time="15.553">
    <system-out>
      <![CDATA[moveToCalendarPagetestcase Started]]>
    </system-out>
  </testcase> <!-- moveToCalendarPage -->
  <testcase classname="TestPackage.AttributeTest" name="moveToLeadsPage" time="16.207">
    <system-out>
      <![CDATA[moveToLeadsPagetestcase Started]]>
    </system-out>
  </testcase> <!-- moveToLeadsPage -->
  <testcase classname="TestPackage.AttributeTest" name="moveToOrganizationPage" time="15.935">
    <system-out>
      <![CDATA[moveToOrganizationPagetestcase Started]]>
    </system-out>
  </testcase> <!-- moveToOrganizationPage -->
  <testcase classname="TestPackage.AttributeTest" name="moveToContactsPage" time="21.696">
    <system-out>
      <![CDATA[moveToContactsPagetestcase Started]]>
    </system-out>
  </testcase> <!-- moveToContactsPage -->
  <system-out>
    <![CDATA[----Execution Started----
CreateContacttestcase Started
CreateContacttestcase Started
CreateContacttestcase Started
moveToCalendarPagetestcase Started
moveToContactsPagetestcase Started
moveToLeadsPagetestcase Started
moveToOrganizationPagetestcase Started
----Execution Finished----
----Execution Started----
CreateContacttestcase Started
CreateContacttestcase Started
CreateContacttestcase Started
moveToCalendarPagetestcase Started
moveToContactsPagetestcase Started
moveToLeadsPagetestcase Started
moveToOrganizationPagetestcase Started
OrganizationTesttestcase Started
OrganizationTesttestcase Failed
org.openqa.selenium.NoSuchSessionException: invalid session id: session deleted as the browser has closed the connection
from disconnected: Unable to receive message from renderer
  (Session info: MicrosoftEdge=134.0.3124.72)
Build info: version: '4.27.0', revision: 'd6e718d134'
System info: os.name: 'Windows 10', os.arch: 'amd64', os.version: '10.0', java.version: '22.0.2'
Driver info: org.openqa.selenium.edge.EdgeDriver
Command: [319566453fba3adb5d719d5f2f6f1348, findElement {value=Organizations, using=link text}]
Capabilities {acceptInsecureCerts: false, browserName: MicrosoftEdge, browserVersion: 134.0.3124.72, fedcm:accounts: true, ms:edgeOptions: {debuggerAddress: localhost:55143}, msedge: {msedgedriverVersion: 134.0.3124.72 (c81e2c3854de..., userDataDir: C:\Windows\SystemTemp\scope...}, networkConnectionEnabled: false, pageLoadStrategy: normal, platformName: windows, proxy: Proxy(), se:cdp: ws://localhost:55143/devtoo..., se:cdpVersion: 134.0.3124.72, setWindowRect: true, strictFileInteractability: false, timeouts: {implicit: 0, pageLoad: 300000, script: 30000}, unhandledPromptBehavior: dismiss and notify, webauthn:extension:credBlob: true, webauthn:extension:largeBlob: true, webauthn:extension:minPinLength: true, webauthn:extension:prf: true, webauthn:virtualAuthenticators: true}
Session ID: 319566453fba3adb5d719d5f2f6f1348]]>
  </system-out>
</testsuite> <!-- TestPackage.AttributeTest -->
